2024-04-03 16:08:35,641 [Worker-1: Loading available Gradle versions] INFO  o.e.b.c.i.u.g.PublishedGradleVersions - Gradle version information cache is out-of-date. Trying to update.
2024-04-04 16:29:26,027 [Worker-0: Loading available Gradle versions] INFO  o.e.b.c.i.u.g.PublishedGradleVersions - Gradle version information cache is out-of-date. Trying to update.
2024-04-08 08:41:14,151 [Worker-1: Loading available Gradle versions] INFO  o.e.b.c.i.u.g.PublishedGradleVersions - Gradle version information cache is out-of-date. Trying to update.
2024-04-08 21:28:02,453 [Worker-3: Loading available Gradle versions] INFO  o.e.b.c.i.u.g.PublishedGradleVersions - Gradle version information cache is up-to-date. Trying to read.
2024-04-12 09:34:16,006 [Worker-5: Loading available Gradle versions] INFO  o.e.b.c.i.u.g.PublishedGradleVersions - Gradle version information cache is out-of-date. Trying to update.
2024-04-12 09:38:04,575 [Worker-16: Launching mavenrun-26a0c15f-4ce8-4f3a-aa58-1b74858b8c1d] INFO  o.eclipse.m2e.core.internal.Bundles - getClasspathEntries(Bundle=org.eclipse.m2e.maven.runtime_3.8.701.20230209-1606 [609])
2024-04-12 09:38:04,602 [Worker-16: Launching mavenrun-26a0c15f-4ce8-4f3a-aa58-1b74858b8c1d] INFO  o.eclipse.m2e.core.internal.Bundles - 	Entry: C:\Users\Shashank\.p2\pool\plugins\org.eclipse.m2e.maven.runtime_3.8.701.20230209-1606
2024-04-12 09:38:04,603 [Worker-16: Launching mavenrun-26a0c15f-4ce8-4f3a-aa58-1b74858b8c1d] INFO  o.eclipse.m2e.core.internal.Bundles - 	Entry: C:\Users\Shashank\.p2\pool\plugins\org.eclipse.m2e.maven.runtime_3.8.701.20230209-1606\jars\aether-connector-okhttp-0.17.8.jar
2024-04-12 09:38:04,603 [Worker-16: Launching mavenrun-26a0c15f-4ce8-4f3a-aa58-1b74858b8c1d] INFO  o.eclipse.m2e.core.internal.Bundles - 	Entry: C:\Users\Shashank\.p2\pool\plugins\org.eclipse.m2e.maven.runtime_3.8.701.20230209-1606\jars\commons-lang3-3.8.1.jar
2024-04-12 09:38:04,604 [Worker-16: Launching mavenrun-26a0c15f-4ce8-4f3a-aa58-1b74858b8c1d] INFO  o.eclipse.m2e.core.internal.Bundles - 	Entry: C:\Users\Shashank\.p2\pool\plugins\org.eclipse.m2e.maven.runtime_3.8.701.20230209-1606\jars\guice-4.2.2-no_aop.jar
2024-04-12 09:38:04,604 [Worker-16: Launching mavenrun-26a0c15f-4ce8-4f3a-aa58-1b74858b8c1d] INFO  o.eclipse.m2e.core.internal.Bundles - 	Entry: C:\Users\Shashank\.p2\pool\plugins\org.eclipse.m2e.maven.runtime_3.8.701.20230209-1606\jars\jansi-2.4.0.jar
2024-04-12 09:38:04,604 [Worker-16: Launching mavenrun-26a0c15f-4ce8-4f3a-aa58-1b74858b8c1d] INFO  o.eclipse.m2e.core.internal.Bundles - 	Entry: C:\Users\Shashank\.p2\pool\plugins\org.eclipse.m2e.maven.runtime_3.8.701.20230209-1606\jars\maven-artifact-3.8.7.jar
2024-04-12 09:38:04,604 [Worker-16: Launching mavenrun-26a0c15f-4ce8-4f3a-aa58-1b74858b8c1d] INFO  o.eclipse.m2e.core.internal.Bundles - 	Entry: C:\Users\Shashank\.p2\pool\plugins\org.eclipse.m2e.maven.runtime_3.8.701.20230209-1606\jars\maven-builder-support-3.8.7.jar
2024-04-12 09:38:04,604 [Worker-16: Launching mavenrun-26a0c15f-4ce8-4f3a-aa58-1b74858b8c1d] INFO  o.eclipse.m2e.core.internal.Bundles - 	Entry: C:\Users\Shashank\.p2\pool\plugins\org.eclipse.m2e.maven.runtime_3.8.701.20230209-1606\jars\maven-compat-3.8.7.jar
2024-04-12 09:38:04,604 [Worker-16: Launching mavenrun-26a0c15f-4ce8-4f3a-aa58-1b74858b8c1d] INFO  o.eclipse.m2e.core.internal.Bundles - 	Entry: C:\Users\Shashank\.p2\pool\plugins\org.eclipse.m2e.maven.runtime_3.8.701.20230209-1606\jars\maven-core-3.8.7.jar
2024-04-12 09:38:04,605 [Worker-16: Launching mavenrun-26a0c15f-4ce8-4f3a-aa58-1b74858b8c1d] INFO  o.eclipse.m2e.core.internal.Bundles - 	Entry: C:\Users\Shashank\.p2\pool\plugins\org.eclipse.m2e.maven.runtime_3.8.701.20230209-1606\jars\maven-embedder-3.8.7.jar
2024-04-12 09:38:04,605 [Worker-16: Launching mavenrun-26a0c15f-4ce8-4f3a-aa58-1b74858b8c1d] INFO  o.eclipse.m2e.core.internal.Bundles - 	Entry: C:\Users\Shashank\.p2\pool\plugins\org.eclipse.m2e.maven.runtime_3.8.701.20230209-1606\jars\maven-model-3.8.7.jar
2024-04-12 09:38:04,605 [Worker-16: Launching mavenrun-26a0c15f-4ce8-4f3a-aa58-1b74858b8c1d] INFO  o.eclipse.m2e.core.internal.Bundles - 	Entry: C:\Users\Shashank\.p2\pool\plugins\org.eclipse.m2e.maven.runtime_3.8.701.20230209-1606\jars\maven-model-builder-3.8.7.jar
2024-04-12 09:38:04,605 [Worker-16: Launching mavenrun-26a0c15f-4ce8-4f3a-aa58-1b74858b8c1d] INFO  o.eclipse.m2e.core.internal.Bundles - 	Entry: C:\Users\Shashank\.p2\pool\plugins\org.eclipse.m2e.maven.runtime_3.8.701.20230209-1606\jars\maven-plugin-api-3.8.7.jar
2024-04-12 09:38:04,605 [Worker-16: Launching mavenrun-26a0c15f-4ce8-4f3a-aa58-1b74858b8c1d] INFO  o.eclipse.m2e.core.internal.Bundles - 	Entry: C:\Users\Shashank\.p2\pool\plugins\org.eclipse.m2e.maven.runtime_3.8.701.20230209-1606\jars\maven-repository-metadata-3.8.7.jar
2024-04-12 09:38:04,606 [Worker-16: Launching mavenrun-26a0c15f-4ce8-4f3a-aa58-1b74858b8c1d] INFO  o.eclipse.m2e.core.internal.Bundles - 	Entry: C:\Users\Shashank\.p2\pool\plugins\org.eclipse.m2e.maven.runtime_3.8.701.20230209-1606\jars\maven-resolver-api-1.6.3.jar
2024-04-12 09:38:04,606 [Worker-16: Launching mavenrun-26a0c15f-4ce8-4f3a-aa58-1b74858b8c1d] INFO  o.eclipse.m2e.core.internal.Bundles - 	Entry: C:\Users\Shashank\.p2\pool\plugins\org.eclipse.m2e.maven.runtime_3.8.701.20230209-1606\jars\maven-resolver-connector-basic-1.6.3.jar
2024-04-12 09:38:04,606 [Worker-16: Launching mavenrun-26a0c15f-4ce8-4f3a-aa58-1b74858b8c1d] INFO  o.eclipse.m2e.core.internal.Bundles - 	Entry: C:\Users\Shashank\.p2\pool\plugins\org.eclipse.m2e.maven.runtime_3.8.701.20230209-1606\jars\maven-resolver-impl-1.6.3.jar
2024-04-12 09:38:04,606 [Worker-16: Launching mavenrun-26a0c15f-4ce8-4f3a-aa58-1b74858b8c1d] INFO  o.eclipse.m2e.core.internal.Bundles - 	Entry: C:\Users\Shashank\.p2\pool\plugins\org.eclipse.m2e.maven.runtime_3.8.701.20230209-1606\jars\maven-resolver-provider-3.8.7.jar
2024-04-12 09:38:04,607 [Worker-16: Launching mavenrun-26a0c15f-4ce8-4f3a-aa58-1b74858b8c1d] INFO  o.eclipse.m2e.core.internal.Bundles - 	Entry: C:\Users\Shashank\.p2\pool\plugins\org.eclipse.m2e.maven.runtime_3.8.701.20230209-1606\jars\maven-resolver-spi-1.6.3.jar
2024-04-12 09:38:04,607 [Worker-16: Launching mavenrun-26a0c15f-4ce8-4f3a-aa58-1b74858b8c1d] INFO  o.eclipse.m2e.core.internal.Bundles - 	Entry: C:\Users\Shashank\.p2\pool\plugins\org.eclipse.m2e.maven.runtime_3.8.701.20230209-1606\jars\maven-resolver-transport-wagon-1.6.3.jar
2024-04-12 09:38:04,607 [Worker-16: Launching mavenrun-26a0c15f-4ce8-4f3a-aa58-1b74858b8c1d] INFO  o.eclipse.m2e.core.internal.Bundles - 	Entry: C:\Users\Shashank\.p2\pool\plugins\org.eclipse.m2e.maven.runtime_3.8.701.20230209-1606\jars\maven-resolver-util-1.6.3.jar
2024-04-12 09:38:04,608 [Worker-16: Launching mavenrun-26a0c15f-4ce8-4f3a-aa58-1b74858b8c1d] INFO  o.eclipse.m2e.core.internal.Bundles - 	Entry: C:\Users\Shashank\.p2\pool\plugins\org.eclipse.m2e.maven.runtime_3.8.701.20230209-1606\jars\maven-settings-3.8.7.jar
2024-04-12 09:38:04,608 [Worker-16: Launching mavenrun-26a0c15f-4ce8-4f3a-aa58-1b74858b8c1d] INFO  o.eclipse.m2e.core.internal.Bundles - 	Entry: C:\Users\Shashank\.p2\pool\plugins\org.eclipse.m2e.maven.runtime_3.8.701.20230209-1606\jars\maven-settings-builder-3.8.7.jar
2024-04-12 09:38:04,608 [Worker-16: Launching mavenrun-26a0c15f-4ce8-4f3a-aa58-1b74858b8c1d] INFO  o.eclipse.m2e.core.internal.Bundles - 	Entry: C:\Users\Shashank\.p2\pool\plugins\org.eclipse.m2e.maven.runtime_3.8.701.20230209-1606\jars\maven-shared-utils-3.3.4.jar
2024-04-12 09:38:04,609 [Worker-16: Launching mavenrun-26a0c15f-4ce8-4f3a-aa58-1b74858b8c1d] INFO  o.eclipse.m2e.core.internal.Bundles - 	Entry: C:\Users\Shashank\.p2\pool\plugins\org.eclipse.m2e.maven.runtime_3.8.701.20230209-1606\jars\okhttp-3.14.1.jar
2024-04-12 09:38:04,609 [Worker-16: Launching mavenrun-26a0c15f-4ce8-4f3a-aa58-1b74858b8c1d] INFO  o.eclipse.m2e.core.internal.Bundles - 	Entry: C:\Users\Shashank\.p2\pool\plugins\org.eclipse.m2e.maven.runtime_3.8.701.20230209-1606\jars\okio-1.17.3.jar
2024-04-12 09:38:04,609 [Worker-16: Launching mavenrun-26a0c15f-4ce8-4f3a-aa58-1b74858b8c1d] INFO  o.eclipse.m2e.core.internal.Bundles - 	Entry: C:\Users\Shashank\.p2\pool\plugins\org.eclipse.m2e.maven.runtime_3.8.701.20230209-1606\jars\org.eclipse.sisu.inject-0.3.5.jar
2024-04-12 09:38:04,609 [Worker-16: Launching mavenrun-26a0c15f-4ce8-4f3a-aa58-1b74858b8c1d] INFO  o.eclipse.m2e.core.internal.Bundles - 	Entry: C:\Users\Shashank\.p2\pool\plugins\org.eclipse.m2e.maven.runtime_3.8.701.20230209-1606\jars\org.eclipse.sisu.plexus-0.3.5.jar
2024-04-12 09:38:04,610 [Worker-16: Launching mavenrun-26a0c15f-4ce8-4f3a-aa58-1b74858b8c1d] INFO  o.eclipse.m2e.core.internal.Bundles - 	Entry: C:\Users\Shashank\.p2\pool\plugins\org.eclipse.m2e.maven.runtime_3.8.701.20230209-1606\jars\plexus-build-api-0.0.7.jar
2024-04-12 09:38:04,610 [Worker-16: Launching mavenrun-26a0c15f-4ce8-4f3a-aa58-1b74858b8c1d] INFO  o.eclipse.m2e.core.internal.Bundles - 	Entry: C:\Users\Shashank\.p2\pool\plugins\org.eclipse.m2e.maven.runtime_3.8.701.20230209-1606\jars\plexus-cipher-2.0.jar
2024-04-12 09:38:04,610 [Worker-16: Launching mavenrun-26a0c15f-4ce8-4f3a-aa58-1b74858b8c1d] INFO  o.eclipse.m2e.core.internal.Bundles - 	Entry: C:\Users\Shashank\.p2\pool\plugins\org.eclipse.m2e.maven.runtime_3.8.701.20230209-1606\jars\plexus-classworlds-2.6.0.jar
2024-04-12 09:38:04,611 [Worker-16: Launching mavenrun-26a0c15f-4ce8-4f3a-aa58-1b74858b8c1d] INFO  o.eclipse.m2e.core.internal.Bundles - 	Entry: C:\Users\Shashank\.p2\pool\plugins\org.eclipse.m2e.maven.runtime_3.8.701.20230209-1606\jars\plexus-component-annotations-2.1.0.jar
2024-04-12 09:38:04,611 [Worker-16: Launching mavenrun-26a0c15f-4ce8-4f3a-aa58-1b74858b8c1d] INFO  o.eclipse.m2e.core.internal.Bundles - 	Entry: C:\Users\Shashank\.p2\pool\plugins\org.eclipse.m2e.maven.runtime_3.8.701.20230209-1606\jars\plexus-interpolation-1.26.jar
2024-04-12 09:38:04,611 [Worker-16: Launching mavenrun-26a0c15f-4ce8-4f3a-aa58-1b74858b8c1d] INFO  o.eclipse.m2e.core.internal.Bundles - 	Entry: C:\Users\Shashank\.p2\pool\plugins\org.eclipse.m2e.maven.runtime_3.8.701.20230209-1606\jars\plexus-sec-dispatcher-2.0.jar
2024-04-12 09:38:04,612 [Worker-16: Launching mavenrun-26a0c15f-4ce8-4f3a-aa58-1b74858b8c1d] INFO  o.eclipse.m2e.core.internal.Bundles - 	Entry: C:\Users\Shashank\.p2\pool\plugins\org.eclipse.m2e.maven.runtime_3.8.701.20230209-1606\jars\plexus-utils-3.3.1.jar
2024-04-12 09:38:04,613 [Worker-16: Launching mavenrun-26a0c15f-4ce8-4f3a-aa58-1b74858b8c1d] INFO  o.eclipse.m2e.core.internal.Bundles - 	Entry: C:\Users\Shashank\.p2\pool\plugins\org.eclipse.m2e.maven.runtime_3.8.701.20230209-1606\jars\wagon-file-3.5.3.jar
2024-04-12 09:38:04,613 [Worker-16: Launching mavenrun-26a0c15f-4ce8-4f3a-aa58-1b74858b8c1d] INFO  o.eclipse.m2e.core.internal.Bundles - 	Entry: C:\Users\Shashank\.p2\pool\plugins\org.eclipse.m2e.maven.runtime_3.8.701.20230209-1606\jars\wagon-provider-api-3.5.3.jar
2024-04-12 09:38:04,616 [Worker-16: Launching mavenrun-26a0c15f-4ce8-4f3a-aa58-1b74858b8c1d] INFO  o.eclipse.m2e.core.internal.Bundles - getClasspathEntries(Bundle=com.google.guava_31.1.0.jre [11])
2024-04-12 09:38:04,617 [Worker-16: Launching mavenrun-26a0c15f-4ce8-4f3a-aa58-1b74858b8c1d] INFO  o.eclipse.m2e.core.internal.Bundles - 	Entry: C:\Users\Shashank\.p2\pool\plugins\com.google.guava_31.1.0.jre.jar
2024-04-12 09:38:04,617 [Worker-16: Launching mavenrun-26a0c15f-4ce8-4f3a-aa58-1b74858b8c1d] INFO  o.eclipse.m2e.core.internal.Bundles - getClasspathEntries(Bundle=slf4j.api_1.7.36 [923])
2024-04-12 09:38:04,618 [Worker-16: Launching mavenrun-26a0c15f-4ce8-4f3a-aa58-1b74858b8c1d] INFO  o.eclipse.m2e.core.internal.Bundles - 	Entry: C:\Users\Shashank\.p2\pool\plugins\slf4j.api_1.7.36.jar
2024-04-12 09:38:04,618 [Worker-16: Launching mavenrun-26a0c15f-4ce8-4f3a-aa58-1b74858b8c1d] INFO  o.eclipse.m2e.core.internal.Bundles - getClasspathEntries(Bundle=javax.inject_1.0.0.v20220405-0441 [35])
2024-04-12 09:38:04,620 [Worker-16: Launching mavenrun-26a0c15f-4ce8-4f3a-aa58-1b74858b8c1d] INFO  o.eclipse.m2e.core.internal.Bundles - 	Entry: C:\Users\Shashank\.p2\pool\plugins\javax.inject_1.0.0.v20220405-0441.jar
2024-04-12 09:38:04,620 [Worker-16: Launching mavenrun-26a0c15f-4ce8-4f3a-aa58-1b74858b8c1d] INFO  o.eclipse.m2e.core.internal.Bundles - getClasspathEntries(Bundle=javax.annotation_1.3.5.v20221203-1659 [33])
2024-04-12 09:38:04,622 [Worker-16: Launching mavenrun-26a0c15f-4ce8-4f3a-aa58-1b74858b8c1d] INFO  o.eclipse.m2e.core.internal.Bundles - 	Entry: C:\Users\Shashank\.p2\pool\plugins\javax.annotation_1.3.5.v20221203-1659.jar
2024-04-12 09:38:04,622 [Worker-16: Launching mavenrun-26a0c15f-4ce8-4f3a-aa58-1b74858b8c1d] INFO  o.eclipse.m2e.core.internal.Bundles - getClasspathEntries(Bundle=org.apache.commons.cli_1.4.0.v20221112-0806 [67])
2024-04-12 09:38:04,623 [Worker-16: Launching mavenrun-26a0c15f-4ce8-4f3a-aa58-1b74858b8c1d] INFO  o.eclipse.m2e.core.internal.Bundles - 	Entry: C:\Users\Shashank\.p2\pool\plugins\org.apache.commons.cli_1.4.0.v20221112-0806.jar
2024-04-12 09:38:04,623 [Worker-16: Launching mavenrun-26a0c15f-4ce8-4f3a-aa58-1b74858b8c1d] INFO  o.eclipse.m2e.core.internal.Bundles - getClasspathEntries(Bundle=com.google.guava.failureaccess_1.0.1 [13])
2024-04-12 09:38:04,624 [Worker-16: Launching mavenrun-26a0c15f-4ce8-4f3a-aa58-1b74858b8c1d] INFO  o.eclipse.m2e.core.internal.Bundles - 	Entry: C:\Users\Shashank\.p2\pool\plugins\com.google.guava.failureaccess_1.0.1.jar
2024-04-12 09:38:04,630 [Worker-16: Launching mavenrun-26a0c15f-4ce8-4f3a-aa58-1b74858b8c1d] INFO  o.e.m.i.launch.MavenLaunchDelegate - Run build in "C:\Users\Shashank\AppData\Local\Temp\m2e-archetypeGenerator17448907020031552363":
2024-04-12 09:38:04,634 [Worker-16: Launching mavenrun-26a0c15f-4ce8-4f3a-aa58-1b74858b8c1d] INFO  o.e.m.i.launch.MavenLaunchDelegate -  mvn  -DarchetypeGroupId=org.apache.maven.archetypes -DarchetypeArtifactId=maven-archetype-quickstart -DarchetypeVersion=1.4 -DgroupId=nit -DartifactId=IOCProj05-StrategyDp-Sping-maven -Dversion=0.0.1-SNAPSHOT -Dpackage=com.nt.test -DoutputDirectory=F:\Spring -Dstyle.color=always -U archetype:generate
2024-04-12 09:38:29,225 [Worker-14: Creating maven-archetype-quickstart] INFO  o.e.m.c.i.p.ProjectConfigurationManager - Collecting project info '/pom.xml' F:\Spring\IOCProj05-StrategyDp-Sping-maven\pom.xml
2024-04-12 09:38:32,830 [Worker-14: Creating maven-archetype-quickstart] INFO  o.e.m.c.i.l.LifecycleMappingFactory - Using org.eclipse.m2e.jdt.JarLifecycleMapping lifecycle mapping for MavenProject: nit:IOCProj05-StrategyDp-Sping-maven:0.0.1-SNAPSHOT @ F:\Spring\IOCProj05-StrategyDp-Sping-maven\pom.xml.
2024-04-12 09:38:35,191 [Worker-14: Creating maven-archetype-quickstart] INFO  o.e.m.j.i.AbstractJavaProjectConfigurator - Adding source folder /IOCProj05-StrategyDp-Sping-maven/src/main/java
2024-04-12 09:38:35,218 [Worker-14: Creating maven-archetype-quickstart] INFO  o.e.m.j.i.AbstractJavaProjectConfigurator - Adding source folder /IOCProj05-StrategyDp-Sping-maven/src/test/java
2024-04-12 09:38:35,664 [Worker-14: Creating maven-archetype-quickstart] INFO  o.e.m.c.i.p.ProjectConfigurationManager - Imported and configured 1 project(s) in 6 sec
2024-04-12 09:38:35,925 [Worker-26: Updating Maven Project] INFO  o.e.m.c.i.p.ProjectConfigurationManager - Update started
2024-04-12 09:38:36,326 [Worker-26: Updating Maven Project] INFO  o.e.m.c.i.l.LifecycleMappingFactory - Using org.eclipse.m2e.jdt.JarLifecycleMapping lifecycle mapping for MavenProject: nit:IOCProj05-StrategyDp-Sping-maven:0.0.1-SNAPSHOT @ F:\Spring\IOCProj05-StrategyDp-Sping-maven\pom.xml.
2024-04-12 09:38:36,526 [Worker-26: Updating Maven Project] INFO  o.e.m.j.i.AbstractJavaProjectConfigurator - Adding source folder /IOCProj05-StrategyDp-Sping-maven/src/main/java
2024-04-12 09:38:36,527 [Worker-26: Updating Maven Project] INFO  o.e.m.j.i.AbstractJavaProjectConfigurator - Adding source folder /IOCProj05-StrategyDp-Sping-maven/src/test/java
2024-04-12 09:38:36,681 [Worker-26: Updating Maven Project] INFO  o.e.m.c.i.p.ProjectConfigurationManager - Update completed for 1 poms: local refresh takes 0.00 sec, refresh facades takes 0.00 sec, update config takes 0.00 sec 
2024-04-12 09:38:36,859 [Worker-27: Building] INFO  o.e.m.c.i.embedder.EclipseLogger - Using 'UTF-8' encoding to copy filtered resources.
2024-04-12 09:38:36,859 [Worker-27: Building] INFO  o.e.m.c.i.embedder.EclipseLogger - skip non existing resourceDirectory F:\Spring\IOCProj05-StrategyDp-Sping-maven\src\main\resources
2024-04-12 09:38:36,863 [Worker-27: Building] INFO  o.e.m.c.i.embedder.EclipseLogger - Using 'UTF-8' encoding to copy filtered resources.
2024-04-12 09:38:36,864 [Worker-27: Building] INFO  o.e.m.c.i.embedder.EclipseLogger - skip non existing resourceDirectory F:\Spring\IOCProj05-StrategyDp-Sping-maven\src\test\resources
2024-04-12 09:39:01,494 [Worker-23: Building] INFO  o.e.m.c.i.l.LifecycleMappingFactory - Using org.eclipse.m2e.jdt.JarLifecycleMapping lifecycle mapping for MavenProject: nit:IOCProj05-StrategyDp-Sping-maven:0.0.1-SNAPSHOT @ F:\Spring\IOCProj05-StrategyDp-Sping-maven\pom.xml.
2024-04-12 09:39:01,667 [Worker-23: Building] INFO  o.e.m.c.i.embedder.EclipseLogger - Using 'UTF-8' encoding to copy filtered resources.
2024-04-12 09:39:01,668 [Worker-23: Building] INFO  o.e.m.c.i.embedder.EclipseLogger - skip non existing resourceDirectory F:\Spring\IOCProj05-StrategyDp-Sping-maven\src\main\resources
2024-04-12 09:39:01,671 [Worker-23: Building] INFO  o.e.m.c.i.embedder.EclipseLogger - Using 'UTF-8' encoding to copy filtered resources.
2024-04-12 09:39:01,671 [Worker-23: Building] INFO  o.e.m.c.i.embedder.EclipseLogger - skip non existing resourceDirectory F:\Spring\IOCProj05-StrategyDp-Sping-maven\src\test\resources
2024-04-12 09:39:49,368 [Worker-26: Building] INFO  o.e.m.c.i.l.LifecycleMappingFactory - Using org.eclipse.m2e.jdt.JarLifecycleMapping lifecycle mapping for MavenProject: nit:IOCProj05-StrategyDp-Sping-maven:0.0.1-SNAPSHOT @ F:\Spring\IOCProj05-StrategyDp-Sping-maven\pom.xml.
2024-04-12 09:39:49,600 [Worker-26: Building] INFO  o.e.m.c.i.e.AbstractTransferListenerAdapter - Downloading https://repo.maven.apache.org/maven2/org/springframework/spring-context-support/6.1.5/spring-context-support-6.1.5.pom
2024-04-12 09:39:49,674 [Worker-26: Building] INFO  o.e.m.c.i.e.AbstractTransferListenerAdapter - Downloaded https://repo.maven.apache.org/maven2/org/springframework/spring-context-support/6.1.5/spring-context-support-6.1.5.pom
2024-04-12 09:39:49,706 [Worker-26: Building] INFO  o.e.m.c.i.e.AbstractTransferListenerAdapter - Downloading https://repo.maven.apache.org/maven2/org/springframework/spring-beans/6.1.5/spring-beans-6.1.5.pom
2024-04-12 09:39:49,779 [Worker-26: Building] INFO  o.e.m.c.i.e.AbstractTransferListenerAdapter - Downloaded https://repo.maven.apache.org/maven2/org/springframework/spring-beans/6.1.5/spring-beans-6.1.5.pom
2024-04-12 09:39:49,817 [Worker-26: Building] INFO  o.e.m.c.i.e.AbstractTransferListenerAdapter - Downloading https://repo.maven.apache.org/maven2/org/springframework/spring-core/6.1.5/spring-core-6.1.5.pom
2024-04-12 09:39:49,887 [Worker-26: Building] INFO  o.e.m.c.i.e.AbstractTransferListenerAdapter - Downloaded https://repo.maven.apache.org/maven2/org/springframework/spring-core/6.1.5/spring-core-6.1.5.pom
2024-04-12 09:39:49,920 [Worker-26: Building] INFO  o.e.m.c.i.e.AbstractTransferListenerAdapter - Downloading https://repo.maven.apache.org/maven2/org/springframework/spring-jcl/6.1.5/spring-jcl-6.1.5.pom
2024-04-12 09:39:49,974 [Worker-26: Building] INFO  o.e.m.c.i.e.AbstractTransferListenerAdapter - Downloaded https://repo.maven.apache.org/maven2/org/springframework/spring-jcl/6.1.5/spring-jcl-6.1.5.pom
2024-04-12 09:39:50,008 [Worker-26: Building] INFO  o.e.m.c.i.e.AbstractTransferListenerAdapter - Downloading https://repo.maven.apache.org/maven2/org/springframework/spring-context/6.1.5/spring-context-6.1.5.pom
2024-04-12 09:39:50,062 [Worker-26: Building] INFO  o.e.m.c.i.e.AbstractTransferListenerAdapter - Downloaded https://repo.maven.apache.org/maven2/org/springframework/spring-context/6.1.5/spring-context-6.1.5.pom
2024-04-12 09:39:50,101 [Worker-26: Building] INFO  o.e.m.c.i.e.AbstractTransferListenerAdapter - Downloading https://repo.maven.apache.org/maven2/org/springframework/spring-aop/6.1.5/spring-aop-6.1.5.pom
2024-04-12 09:39:50,183 [Worker-26: Building] INFO  o.e.m.c.i.e.AbstractTransferListenerAdapter - Downloaded https://repo.maven.apache.org/maven2/org/springframework/spring-aop/6.1.5/spring-aop-6.1.5.pom
2024-04-12 09:39:50,215 [Worker-26: Building] INFO  o.e.m.c.i.e.AbstractTransferListenerAdapter - Downloading https://repo.maven.apache.org/maven2/org/springframework/spring-expression/6.1.5/spring-expression-6.1.5.pom
2024-04-12 09:39:50,291 [Worker-26: Building] INFO  o.e.m.c.i.e.AbstractTransferListenerAdapter - Downloaded https://repo.maven.apache.org/maven2/org/springframework/spring-expression/6.1.5/spring-expression-6.1.5.pom
2024-04-12 09:39:50,334 [Worker-26: Building] INFO  o.e.m.c.i.e.AbstractTransferListenerAdapter - Downloading https://repo.maven.apache.org/maven2/io/micrometer/micrometer-observation/1.12.4/micrometer-observation-1.12.4.pom
2024-04-12 09:39:50,410 [Worker-26: Building] INFO  o.e.m.c.i.e.AbstractTransferListenerAdapter - Downloaded https://repo.maven.apache.org/maven2/io/micrometer/micrometer-observation/1.12.4/micrometer-observation-1.12.4.pom
2024-04-12 09:39:50,442 [Worker-26: Building] INFO  o.e.m.c.i.e.AbstractTransferListenerAdapter - Downloading https://repo.maven.apache.org/maven2/io/micrometer/micrometer-commons/1.12.4/micrometer-commons-1.12.4.pom
2024-04-12 09:39:50,513 [Worker-26: Building] INFO  o.e.m.c.i.e.AbstractTransferListenerAdapter - Downloaded https://repo.maven.apache.org/maven2/io/micrometer/micrometer-commons/1.12.4/micrometer-commons-1.12.4.pom
2024-04-12 09:39:50,553 [AetherRepositoryConnector-repo.maven.apache.org-0-0] INFO  o.e.m.c.i.e.AbstractTransferListenerAdapter - Downloading https://repo.maven.apache.org/maven2/org/springframework/spring-context-support/6.1.5/spring-context-support-6.1.5.jar
2024-04-12 09:39:50,616 [AetherRepositoryConnector-repo.maven.apache.org-0-4] INFO  o.e.m.c.i.e.AbstractTransferListenerAdapter - Downloading https://repo.maven.apache.org/maven2/org/springframework/spring-expression/6.1.5/spring-expression-6.1.5.jar
2024-04-12 09:39:50,616 [AetherRepositoryConnector-repo.maven.apache.org-0-1] INFO  o.e.m.c.i.e.AbstractTransferListenerAdapter - Downloading https://repo.maven.apache.org/maven2/org/springframework/spring-beans/6.1.5/spring-beans-6.1.5.jar
2024-04-12 09:39:50,616 [AetherRepositoryConnector-repo.maven.apache.org-0-2] INFO  o.e.m.c.i.e.AbstractTransferListenerAdapter - Downloading https://repo.maven.apache.org/maven2/org/springframework/spring-context/6.1.5/spring-context-6.1.5.jar
2024-04-12 09:39:50,616 [AetherRepositoryConnector-repo.maven.apache.org-0-3] INFO  o.e.m.c.i.e.AbstractTransferListenerAdapter - Downloading https://repo.maven.apache.org/maven2/org/springframework/spring-aop/6.1.5/spring-aop-6.1.5.jar
2024-04-12 09:39:50,868 [AetherRepositoryConnector-repo.maven.apache.org-0-0] INFO  o.e.m.c.i.e.AbstractTransferListenerAdapter - Downloaded https://repo.maven.apache.org/maven2/org/springframework/spring-context-support/6.1.5/spring-context-support-6.1.5.jar
2024-04-12 09:39:51,072 [AetherRepositoryConnector-repo.maven.apache.org-0-0] INFO  o.e.m.c.i.e.AbstractTransferListenerAdapter - Downloading https://repo.maven.apache.org/maven2/io/micrometer/micrometer-observation/1.12.4/micrometer-observation-1.12.4.jar
2024-04-12 09:39:51,089 [AetherRepositoryConnector-repo.maven.apache.org-0-4] INFO  o.e.m.c.i.e.AbstractTransferListenerAdapter - Downloaded https://repo.maven.apache.org/maven2/org/springframework/spring-expression/6.1.5/spring-expression-6.1.5.jar
2024-04-12 09:39:51,185 [AetherRepositoryConnector-repo.maven.apache.org-0-3] INFO  o.e.m.c.i.e.AbstractTransferListenerAdapter - Downloaded https://repo.maven.apache.org/maven2/org/springframework/spring-aop/6.1.5/spring-aop-6.1.5.jar
2024-04-12 09:39:51,236 [AetherRepositoryConnector-repo.maven.apache.org-0-4] INFO  o.e.m.c.i.e.AbstractTransferListenerAdapter - Downloading https://repo.maven.apache.org/maven2/io/micrometer/micrometer-commons/1.12.4/micrometer-commons-1.12.4.jar
2024-04-12 09:39:51,240 [AetherRepositoryConnector-repo.maven.apache.org-0-3] INFO  o.e.m.c.i.e.AbstractTransferListenerAdapter - Downloading https://repo.maven.apache.org/maven2/org/springframework/spring-core/6.1.5/spring-core-6.1.5.jar
2024-04-12 09:39:51,258 [AetherRepositoryConnector-repo.maven.apache.org-0-0] INFO  o.e.m.c.i.e.AbstractTransferListenerAdapter - Downloaded https://repo.maven.apache.org/maven2/io/micrometer/micrometer-observation/1.12.4/micrometer-observation-1.12.4.jar
2024-04-12 09:39:51,386 [AetherRepositoryConnector-repo.maven.apache.org-0-1] INFO  o.e.m.c.i.e.AbstractTransferListenerAdapter - Downloaded https://repo.maven.apache.org/maven2/org/springframework/spring-beans/6.1.5/spring-beans-6.1.5.jar
2024-04-12 09:39:51,403 [AetherRepositoryConnector-repo.maven.apache.org-0-0] INFO  o.e.m.c.i.e.AbstractTransferListenerAdapter - Downloading https://repo.maven.apache.org/maven2/org/springframework/spring-jcl/6.1.5/spring-jcl-6.1.5.jar
2024-04-12 09:39:51,442 [AetherRepositoryConnector-repo.maven.apache.org-0-2] INFO  o.e.m.c.i.e.AbstractTransferListenerAdapter - Downloaded https://repo.maven.apache.org/maven2/org/springframework/spring-context/6.1.5/spring-context-6.1.5.jar
2024-04-12 09:39:51,669 [AetherRepositoryConnector-repo.maven.apache.org-0-3] INFO  o.e.m.c.i.e.AbstractTransferListenerAdapter - Downloaded https://repo.maven.apache.org/maven2/org/springframework/spring-core/6.1.5/spring-core-6.1.5.jar
2024-04-12 09:39:51,695 [AetherRepositoryConnector-repo.maven.apache.org-0-0] INFO  o.e.m.c.i.e.AbstractTransferListenerAdapter - Downloaded https://repo.maven.apache.org/maven2/org/springframework/spring-jcl/6.1.5/spring-jcl-6.1.5.jar
2024-04-12 09:39:51,923 [AetherRepositoryConnector-repo.maven.apache.org-0-4] INFO  o.e.m.c.i.e.AbstractTransferListenerAdapter - Downloaded https://repo.maven.apache.org/maven2/io/micrometer/micrometer-commons/1.12.4/micrometer-commons-1.12.4.jar
2024-04-12 09:39:52,449 [Worker-26: Building] INFO  o.e.m.c.i.embedder.EclipseLogger - Using 'UTF-8' encoding to copy filtered resources.
2024-04-12 09:39:52,449 [Worker-26: Building] INFO  o.e.m.c.i.embedder.EclipseLogger - skip non existing resourceDirectory F:\Spring\IOCProj05-StrategyDp-Sping-maven\src\main\resources
2024-04-12 09:39:52,454 [Worker-26: Building] INFO  o.e.m.c.i.embedder.EclipseLogger - Using 'UTF-8' encoding to copy filtered resources.
2024-04-12 09:39:52,454 [Worker-26: Building] INFO  o.e.m.c.i.embedder.EclipseLogger - skip non existing resourceDirectory F:\Spring\IOCProj05-StrategyDp-Sping-maven\src\test\resources
2024-04-12 09:39:53,204 [Worker-9: Download sources and javadoc] INFO  o.e.m.c.i.e.AbstractTransferListenerAdapter - Downloading https://repo.maven.apache.org/maven2/org/springframework/spring-context-support/6.1.5/spring-context-support-6.1.5-sources.jar
2024-04-12 09:39:53,354 [Worker-9: Download sources and javadoc] INFO  o.e.m.c.i.e.AbstractTransferListenerAdapter - Downloaded https://repo.maven.apache.org/maven2/org/springframework/spring-context-support/6.1.5/spring-context-support-6.1.5-sources.jar
2024-04-12 09:39:53,358 [Worker-9: Download sources and javadoc] INFO  o.e.m.j.internal.DownloadSourcesJob - Downloaded sources for org.springframework:spring-context-support:6.1.5
2024-04-12 09:39:53,462 [Worker-9: Download sources and javadoc] INFO  o.e.m.c.i.e.AbstractTransferListenerAdapter - Downloading https://repo.maven.apache.org/maven2/org/springframework/spring-beans/6.1.5/spring-beans-6.1.5-sources.jar
2024-04-12 09:39:54,183 [Worker-9: Download sources and javadoc] INFO  o.e.m.c.i.e.AbstractTransferListenerAdapter - Downloaded https://repo.maven.apache.org/maven2/org/springframework/spring-beans/6.1.5/spring-beans-6.1.5-sources.jar
2024-04-12 09:39:54,188 [Worker-9: Download sources and javadoc] INFO  o.e.m.j.internal.DownloadSourcesJob - Downloaded sources for org.springframework:spring-beans:6.1.5
2024-04-12 09:39:54,296 [Worker-9: Download sources and javadoc] INFO  o.e.m.c.i.e.AbstractTransferListenerAdapter - Downloading https://repo.maven.apache.org/maven2/org/springframework/spring-context/6.1.5/spring-context-6.1.5-sources.jar
2024-04-12 09:39:54,799 [Worker-9: Download sources and javadoc] INFO  o.e.m.c.i.e.AbstractTransferListenerAdapter - Downloaded https://repo.maven.apache.org/maven2/org/springframework/spring-context/6.1.5/spring-context-6.1.5-sources.jar
2024-04-12 09:39:54,805 [Worker-9: Download sources and javadoc] INFO  o.e.m.j.internal.DownloadSourcesJob - Downloaded sources for org.springframework:spring-context:6.1.5
2024-04-12 09:39:55,070 [Worker-9: Download sources and javadoc] INFO  o.e.m.c.i.e.AbstractTransferListenerAdapter - Downloading https://repo.maven.apache.org/maven2/org/springframework/spring-aop/6.1.5/spring-aop-6.1.5-sources.jar
2024-04-12 09:39:55,647 [Worker-9: Download sources and javadoc] INFO  o.e.m.c.i.e.AbstractTransferListenerAdapter - Downloaded https://repo.maven.apache.org/maven2/org/springframework/spring-aop/6.1.5/spring-aop-6.1.5-sources.jar
2024-04-12 09:39:55,662 [Worker-9: Download sources and javadoc] INFO  o.e.m.j.internal.DownloadSourcesJob - Downloaded sources for org.springframework:spring-aop:6.1.5
2024-04-12 09:39:56,150 [Worker-9: Download sources and javadoc] INFO  o.e.m.c.i.e.AbstractTransferListenerAdapter - Downloading https://repo.maven.apache.org/maven2/org/springframework/spring-expression/6.1.5/spring-expression-6.1.5-sources.jar
2024-04-12 09:39:56,796 [Worker-9: Download sources and javadoc] INFO  o.e.m.c.i.e.AbstractTransferListenerAdapter - Downloaded https://repo.maven.apache.org/maven2/org/springframework/spring-expression/6.1.5/spring-expression-6.1.5-sources.jar
2024-04-12 09:39:56,812 [Worker-9: Download sources and javadoc] INFO  o.e.m.j.internal.DownloadSourcesJob - Downloaded sources for org.springframework:spring-expression:6.1.5
2024-04-12 09:39:56,989 [Worker-9: Download sources and javadoc] INFO  o.e.m.c.i.e.AbstractTransferListenerAdapter - Downloading https://repo.maven.apache.org/maven2/io/micrometer/micrometer-observation/1.12.4/micrometer-observation-1.12.4-sources.jar
2024-04-12 09:39:57,358 [Worker-9: Download sources and javadoc] INFO  o.e.m.c.i.e.AbstractTransferListenerAdapter - Downloaded https://repo.maven.apache.org/maven2/io/micrometer/micrometer-observation/1.12.4/micrometer-observation-1.12.4-sources.jar
2024-04-12 09:39:57,381 [Worker-9: Download sources and javadoc] INFO  o.e.m.j.internal.DownloadSourcesJob - Downloaded sources for io.micrometer:micrometer-observation:1.12.4
2024-04-12 09:39:57,528 [Worker-9: Download sources and javadoc] INFO  o.e.m.c.i.e.AbstractTransferListenerAdapter - Downloading https://repo.maven.apache.org/maven2/io/micrometer/micrometer-commons/1.12.4/micrometer-commons-1.12.4-sources.jar
2024-04-12 09:39:58,160 [Worker-9: Download sources and javadoc] INFO  o.e.m.c.i.e.AbstractTransferListenerAdapter - Downloaded https://repo.maven.apache.org/maven2/io/micrometer/micrometer-commons/1.12.4/micrometer-commons-1.12.4-sources.jar
2024-04-12 09:39:58,175 [Worker-9: Download sources and javadoc] INFO  o.e.m.j.internal.DownloadSourcesJob - Downloaded sources for io.micrometer:micrometer-commons:1.12.4
2024-04-12 09:39:58,387 [Worker-9: Download sources and javadoc] INFO  o.e.m.c.i.e.AbstractTransferListenerAdapter - Downloading https://repo.maven.apache.org/maven2/org/springframework/spring-core/6.1.5/spring-core-6.1.5-sources.jar
2024-04-12 09:39:58,842 [Worker-9: Download sources and javadoc] INFO  o.e.m.c.i.e.AbstractTransferListenerAdapter - Downloaded https://repo.maven.apache.org/maven2/org/springframework/spring-core/6.1.5/spring-core-6.1.5-sources.jar
2024-04-12 09:39:58,854 [Worker-9: Download sources and javadoc] INFO  o.e.m.j.internal.DownloadSourcesJob - Downloaded sources for org.springframework:spring-core:6.1.5
2024-04-12 09:39:58,948 [Worker-9: Download sources and javadoc] INFO  o.e.m.c.i.e.AbstractTransferListenerAdapter - Downloading https://repo.maven.apache.org/maven2/org/springframework/spring-jcl/6.1.5/spring-jcl-6.1.5-sources.jar
2024-04-12 09:39:59,164 [Worker-9: Download sources and javadoc] INFO  o.e.m.c.i.e.AbstractTransferListenerAdapter - Downloaded https://repo.maven.apache.org/maven2/org/springframework/spring-jcl/6.1.5/spring-jcl-6.1.5-sources.jar
2024-04-12 09:39:59,181 [Worker-9: Download sources and javadoc] INFO  o.e.m.j.internal.DownloadSourcesJob - Downloaded sources for org.springframework:spring-jcl:6.1.5
2024-04-12 09:40:04,095 [Worker-24: Updating Maven Project] INFO  o.e.m.c.i.p.ProjectConfigurationManager - Update started
2024-04-12 09:40:11,677 [Worker-24: Updating Maven Project] INFO  o.e.m.c.i.l.LifecycleMappingFactory - Using org.eclipse.m2e.jdt.JarLifecycleMapping lifecycle mapping for MavenProject: nit:IOCProj05-StrategyDp-Sping-maven:0.0.1-SNAPSHOT @ F:\Spring\IOCProj05-StrategyDp-Sping-maven\pom.xml.
2024-04-12 09:40:13,862 [Worker-24: Updating Maven Project] INFO  o.e.m.j.i.AbstractJavaProjectConfigurator - Adding source folder /IOCProj05-StrategyDp-Sping-maven/src/main/java
2024-04-12 09:40:13,863 [Worker-24: Updating Maven Project] INFO  o.e.m.j.i.AbstractJavaProjectConfigurator - Adding source folder /IOCProj05-StrategyDp-Sping-maven/src/test/java
2024-04-12 09:40:14,431 [Worker-24: Updating Maven Project] INFO  o.e.m.c.i.p.ProjectConfigurationManager - Update completed for 1 poms: local refresh takes 0.00 sec, refresh facades takes 9.00 sec, update config takes 1.00 sec 
2024-04-12 09:40:14,612 [Worker-9: Building] INFO  o.e.m.c.i.embedder.EclipseLogger - Using 'UTF-8' encoding to copy filtered resources.
2024-04-12 09:40:14,612 [Worker-9: Building] INFO  o.e.m.c.i.embedder.EclipseLogger - skip non existing resourceDirectory F:\Spring\IOCProj05-StrategyDp-Sping-maven\src\main\resources
2024-04-12 09:40:14,617 [Worker-9: Building] INFO  o.e.m.c.i.embedder.EclipseLogger - Using 'UTF-8' encoding to copy filtered resources.
2024-04-12 09:40:14,617 [Worker-9: Building] INFO  o.e.m.c.i.embedder.EclipseLogger - skip non existing resourceDirectory F:\Spring\IOCProj05-StrategyDp-Sping-maven\src\test\resources
2024-04-12 09:44:05,213 [Worker-29: Building] INFO  o.e.m.c.i.embedder.EclipseLogger - Using 'UTF-8' encoding to copy filtered resources.
2024-04-12 09:44:05,214 [Worker-29: Building] INFO  o.e.m.c.i.embedder.EclipseLogger - skip non existing resourceDirectory F:\Spring\IOCProj05-StrategyDp-Sping-maven\src\main\resources
2024-04-12 09:44:05,218 [Worker-29: Building] INFO  o.e.m.c.i.embedder.EclipseLogger - Using 'UTF-8' encoding to copy filtered resources.
2024-04-12 09:44:05,218 [Worker-29: Building] INFO  o.e.m.c.i.embedder.EclipseLogger - skip non existing resourceDirectory F:\Spring\IOCProj05-StrategyDp-Sping-maven\src\test\resources
2024-04-12 09:44:19,153 [Worker-9: Building] INFO  o.e.m.c.i.embedder.EclipseLogger - Using 'UTF-8' encoding to copy filtered resources.
2024-04-12 09:44:19,153 [Worker-9: Building] INFO  o.e.m.c.i.embedder.EclipseLogger - skip non existing resourceDirectory F:\Spring\IOCProj05-StrategyDp-Sping-maven\src\main\resources
2024-04-12 09:44:19,160 [Worker-9: Building] INFO  o.e.m.c.i.embedder.EclipseLogger - Using 'UTF-8' encoding to copy filtered resources.
2024-04-12 09:44:19,160 [Worker-9: Building] INFO  o.e.m.c.i.embedder.EclipseLogger - skip non existing resourceDirectory F:\Spring\IOCProj05-StrategyDp-Sping-maven\src\test\resources
2024-04-12 09:44:40,599 [Worker-9: Building] INFO  o.e.m.c.i.embedder.EclipseLogger - Using 'UTF-8' encoding to copy filtered resources.
2024-04-12 09:44:40,600 [Worker-9: Building] INFO  o.e.m.c.i.embedder.EclipseLogger - skip non existing resourceDirectory F:\Spring\IOCProj05-StrategyDp-Sping-maven\src\main\resources
2024-04-12 09:44:40,612 [Worker-9: Building] INFO  o.e.m.c.i.embedder.EclipseLogger - Using 'UTF-8' encoding to copy filtered resources.
2024-04-12 09:44:40,612 [Worker-9: Building] INFO  o.e.m.c.i.embedder.EclipseLogger - skip non existing resourceDirectory F:\Spring\IOCProj05-StrategyDp-Sping-maven\src\test\resources
2024-04-12 09:44:56,675 [Worker-16: Building] INFO  o.e.m.c.i.embedder.EclipseLogger - Using 'UTF-8' encoding to copy filtered resources.
2024-04-12 09:44:56,675 [Worker-16: Building] INFO  o.e.m.c.i.embedder.EclipseLogger - skip non existing resourceDirectory F:\Spring\IOCProj05-StrategyDp-Sping-maven\src\main\resources
2024-04-12 09:44:56,680 [Worker-16: Building] INFO  o.e.m.c.i.embedder.EclipseLogger - Using 'UTF-8' encoding to copy filtered resources.
2024-04-12 09:44:56,681 [Worker-16: Building] INFO  o.e.m.c.i.embedder.EclipseLogger - skip non existing resourceDirectory F:\Spring\IOCProj05-StrategyDp-Sping-maven\src\test\resources
2024-04-12 09:45:46,145 [Worker-9: Building] INFO  o.e.m.c.i.embedder.EclipseLogger - Using 'UTF-8' encoding to copy filtered resources.
2024-04-12 09:45:46,145 [Worker-9: Building] INFO  o.e.m.c.i.embedder.EclipseLogger - skip non existing resourceDirectory F:\Spring\IOCProj05-StrategyDp-Sping-maven\src\main\resources
2024-04-12 09:45:46,147 [Worker-9: Building] INFO  o.e.m.c.i.embedder.EclipseLogger - Using 'UTF-8' encoding to copy filtered resources.
2024-04-12 09:45:46,147 [Worker-9: Building] INFO  o.e.m.c.i.embedder.EclipseLogger - skip non existing resourceDirectory F:\Spring\IOCProj05-StrategyDp-Sping-maven\src\test\resources
2024-04-12 09:50:16,114 [Worker-32: Building] INFO  o.e.m.c.i.embedder.EclipseLogger - Using 'UTF-8' encoding to copy filtered resources.
2024-04-12 09:50:16,114 [Worker-32: Building] INFO  o.e.m.c.i.embedder.EclipseLogger - skip non existing resourceDirectory F:\Spring\IOCProj05-StrategyDp-Sping-maven\src\main\resources
2024-04-12 09:50:16,116 [Worker-32: Building] INFO  o.e.m.c.i.embedder.EclipseLogger - Using 'UTF-8' encoding to copy filtered resources.
2024-04-12 09:50:16,116 [Worker-32: Building] INFO  o.e.m.c.i.embedder.EclipseLogger - skip non existing resourceDirectory F:\Spring\IOCProj05-StrategyDp-Sping-maven\src\test\resources
2024-04-12 09:50:54,131 [Worker-32: Building] INFO  o.e.m.c.i.embedder.EclipseLogger - Using 'UTF-8' encoding to copy filtered resources.
2024-04-12 09:50:54,131 [Worker-32: Building] INFO  o.e.m.c.i.embedder.EclipseLogger - skip non existing resourceDirectory F:\Spring\IOCProj05-StrategyDp-Sping-maven\src\main\resources
2024-04-12 09:50:54,134 [Worker-32: Building] INFO  o.e.m.c.i.embedder.EclipseLogger - Using 'UTF-8' encoding to copy filtered resources.
2024-04-12 09:50:54,134 [Worker-32: Building] INFO  o.e.m.c.i.embedder.EclipseLogger - skip non existing resourceDirectory F:\Spring\IOCProj05-StrategyDp-Sping-maven\src\test\resources
2024-04-12 09:53:54,067 [Worker-28: Building] INFO  o.e.m.c.i.embedder.EclipseLogger - Using 'UTF-8' encoding to copy filtered resources.
2024-04-12 09:53:54,067 [Worker-28: Building] INFO  o.e.m.c.i.embedder.EclipseLogger - skip non existing resourceDirectory F:\Spring\IOCProj05-StrategyDp-Sping-maven\src\main\resources
2024-04-12 09:53:54,070 [Worker-28: Building] INFO  o.e.m.c.i.embedder.EclipseLogger - Using 'UTF-8' encoding to copy filtered resources.
2024-04-12 09:53:54,070 [Worker-28: Building] INFO  o.e.m.c.i.embedder.EclipseLogger - skip non existing resourceDirectory F:\Spring\IOCProj05-StrategyDp-Sping-maven\src\test\resources
2024-04-12 09:54:25,169 [Worker-32: Building] INFO  o.e.m.c.i.embedder.EclipseLogger - Using 'UTF-8' encoding to copy filtered resources.
2024-04-12 09:54:25,170 [Worker-32: Building] INFO  o.e.m.c.i.embedder.EclipseLogger - skip non existing resourceDirectory F:\Spring\IOCProj05-StrategyDp-Sping-maven\src\main\resources
2024-04-12 09:54:25,171 [Worker-32: Building] INFO  o.e.m.c.i.embedder.EclipseLogger - Using 'UTF-8' encoding to copy filtered resources.
2024-04-12 09:54:25,172 [Worker-32: Building] INFO  o.e.m.c.i.embedder.EclipseLogger - skip non existing resourceDirectory F:\Spring\IOCProj05-StrategyDp-Sping-maven\src\test\resources
2024-04-12 09:54:33,265 [Worker-9: Building] INFO  o.e.m.c.i.embedder.EclipseLogger - Using 'UTF-8' encoding to copy filtered resources.
2024-04-12 09:54:33,265 [Worker-9: Building] INFO  o.e.m.c.i.embedder.EclipseLogger - skip non existing resourceDirectory F:\Spring\IOCProj05-StrategyDp-Sping-maven\src\main\resources
2024-04-12 09:54:33,267 [Worker-9: Building] INFO  o.e.m.c.i.embedder.EclipseLogger - Using 'UTF-8' encoding to copy filtered resources.
2024-04-12 09:54:33,267 [Worker-9: Building] INFO  o.e.m.c.i.embedder.EclipseLogger - skip non existing resourceDirectory F:\Spring\IOCProj05-StrategyDp-Sping-maven\src\test\resources
2024-04-12 10:08:14,994 [Worker-39: Building] INFO  o.e.m.c.i.embedder.EclipseLogger - Using 'UTF-8' encoding to copy filtered resources.
2024-04-12 10:08:14,994 [Worker-39: Building] INFO  o.e.m.c.i.embedder.EclipseLogger - skip non existing resourceDirectory F:\Spring\IOCProj05-StrategyDp-Sping-maven\src\main\resources
2024-04-12 10:08:14,997 [Worker-39: Building] INFO  o.e.m.c.i.embedder.EclipseLogger - Using 'UTF-8' encoding to copy filtered resources.
2024-04-12 10:08:14,997 [Worker-39: Building] INFO  o.e.m.c.i.embedder.EclipseLogger - skip non existing resourceDirectory F:\Spring\IOCProj05-StrategyDp-Sping-maven\src\test\resources
2024-04-12 10:08:36,437 [Worker-39: Building] INFO  o.e.m.c.i.embedder.EclipseLogger - Using 'UTF-8' encoding to copy filtered resources.
2024-04-12 10:08:36,438 [Worker-39: Building] INFO  o.e.m.c.i.embedder.EclipseLogger - skip non existing resourceDirectory F:\Spring\IOCProj05-StrategyDp-Sping-maven\src\main\resources
2024-04-12 10:08:36,442 [Worker-39: Building] INFO  o.e.m.c.i.embedder.EclipseLogger - Using 'UTF-8' encoding to copy filtered resources.
2024-04-12 10:08:36,443 [Worker-39: Building] INFO  o.e.m.c.i.embedder.EclipseLogger - skip non existing resourceDirectory F:\Spring\IOCProj05-StrategyDp-Sping-maven\src\test\resources
2024-04-12 10:09:46,831 [Worker-38: Building] INFO  o.e.m.c.i.embedder.EclipseLogger - Using 'UTF-8' encoding to copy filtered resources.
2024-04-12 10:09:46,831 [Worker-38: Building] INFO  o.e.m.c.i.embedder.EclipseLogger - skip non existing resourceDirectory F:\Spring\IOCProj05-StrategyDp-Sping-maven\src\main\resources
2024-04-12 10:09:46,833 [Worker-38: Building] INFO  o.e.m.c.i.embedder.EclipseLogger - Using 'UTF-8' encoding to copy filtered resources.
2024-04-12 10:09:46,834 [Worker-38: Building] INFO  o.e.m.c.i.embedder.EclipseLogger - skip non existing resourceDirectory F:\Spring\IOCProj05-StrategyDp-Sping-maven\src\test\resources
2024-04-12 10:10:16,217 [Worker-37: Building] INFO  o.e.m.c.i.embedder.EclipseLogger - Using 'UTF-8' encoding to copy filtered resources.
2024-04-12 10:10:16,218 [Worker-37: Building] INFO  o.e.m.c.i.embedder.EclipseLogger - skip non existing resourceDirectory F:\Spring\IOCProj05-StrategyDp-Sping-maven\src\main\resources
2024-04-12 10:10:16,221 [Worker-37: Building] INFO  o.e.m.c.i.embedder.EclipseLogger - Using 'UTF-8' encoding to copy filtered resources.
2024-04-12 10:10:16,221 [Worker-37: Building] INFO  o.e.m.c.i.embedder.EclipseLogger - skip non existing resourceDirectory F:\Spring\IOCProj05-StrategyDp-Sping-maven\src\test\resources
2024-04-12 10:15:39,301 [Worker-40: Building] INFO  o.e.m.c.i.embedder.EclipseLogger - Using 'UTF-8' encoding to copy filtered resources.
2024-04-12 10:15:39,301 [Worker-40: Building] INFO  o.e.m.c.i.embedder.EclipseLogger - skip non existing resourceDirectory F:\Spring\IOCProj05-StrategyDp-Sping-maven\src\main\resources
2024-04-12 10:15:39,304 [Worker-40: Building] INFO  o.e.m.c.i.embedder.EclipseLogger - Using 'UTF-8' encoding to copy filtered resources.
2024-04-12 10:15:39,304 [Worker-40: Building] INFO  o.e.m.c.i.embedder.EclipseLogger - skip non existing resourceDirectory F:\Spring\IOCProj05-StrategyDp-Sping-maven\src\test\resources
2024-04-12 10:16:36,529 [Worker-41: Building] INFO  o.e.m.c.i.embedder.EclipseLogger - Using 'UTF-8' encoding to copy filtered resources.
2024-04-12 10:16:36,529 [Worker-41: Building] INFO  o.e.m.c.i.embedder.EclipseLogger - skip non existing resourceDirectory F:\Spring\IOCProj05-StrategyDp-Sping-maven\src\main\resources
2024-04-12 10:16:36,531 [Worker-41: Building] INFO  o.e.m.c.i.embedder.EclipseLogger - Using 'UTF-8' encoding to copy filtered resources.
2024-04-12 10:16:36,531 [Worker-41: Building] INFO  o.e.m.c.i.embedder.EclipseLogger - skip non existing resourceDirectory F:\Spring\IOCProj05-StrategyDp-Sping-maven\src\test\resources
2024-04-12 10:17:16,517 [Worker-40: Building] INFO  o.e.m.c.i.embedder.EclipseLogger - Using 'UTF-8' encoding to copy filtered resources.
2024-04-12 10:17:16,517 [Worker-40: Building] INFO  o.e.m.c.i.embedder.EclipseLogger - skip non existing resourceDirectory F:\Spring\IOCProj05-StrategyDp-Sping-maven\src\main\resources
2024-04-12 10:17:16,519 [Worker-40: Building] INFO  o.e.m.c.i.embedder.EclipseLogger - Using 'UTF-8' encoding to copy filtered resources.
2024-04-12 10:17:16,519 [Worker-40: Building] INFO  o.e.m.c.i.embedder.EclipseLogger - skip non existing resourceDirectory F:\Spring\IOCProj05-StrategyDp-Sping-maven\src\test\resources
2024-04-12 10:25:27,441 [Worker-38: Building] INFO  o.e.m.c.i.embedder.EclipseLogger - Using 'UTF-8' encoding to copy filtered resources.
2024-04-12 10:25:27,441 [Worker-38: Building] INFO  o.e.m.c.i.embedder.EclipseLogger - skip non existing resourceDirectory F:\Spring\IOCProj05-StrategyDp-Sping-maven\src\main\resources
2024-04-12 10:25:27,442 [Worker-38: Building] INFO  o.e.m.c.i.embedder.EclipseLogger - Using 'UTF-8' encoding to copy filtered resources.
2024-04-12 10:25:27,442 [Worker-38: Building] INFO  o.e.m.c.i.embedder.EclipseLogger - skip non existing resourceDirectory F:\Spring\IOCProj05-StrategyDp-Sping-maven\src\test\resources
2024-04-12 10:25:57,538 [Worker-38: Building] INFO  o.e.m.c.i.embedder.EclipseLogger - Using 'UTF-8' encoding to copy filtered resources.
2024-04-12 10:25:57,538 [Worker-38: Building] INFO  o.e.m.c.i.embedder.EclipseLogger - skip non existing resourceDirectory F:\Spring\IOCProj05-StrategyDp-Sping-maven\src\main\resources
2024-04-12 10:25:57,541 [Worker-38: Building] INFO  o.e.m.c.i.embedder.EclipseLogger - Using 'UTF-8' encoding to copy filtered resources.
2024-04-12 10:25:57,541 [Worker-38: Building] INFO  o.e.m.c.i.embedder.EclipseLogger - skip non existing resourceDirectory F:\Spring\IOCProj05-StrategyDp-Sping-maven\src\test\resources
2024-04-15 08:00:12,155 [Worker-6: Loading available Gradle versions] INFO  o.e.b.c.i.u.g.PublishedGradleVersions - Gradle version information cache is out-of-date. Trying to update.
2024-04-15 08:04:28,345 [Worker-2: Launching mavenrun-8bdf653b-281e-4e21-a6c1-b58614075de4] INFO  o.eclipse.m2e.core.internal.Bundles - getClasspathEntries(Bundle=org.eclipse.m2e.maven.runtime_3.8.701.20230209-1606 [609])
2024-04-15 08:04:28,377 [Worker-2: Launching mavenrun-8bdf653b-281e-4e21-a6c1-b58614075de4] INFO  o.eclipse.m2e.core.internal.Bundles - 	Entry: C:\Users\Shashank\.p2\pool\plugins\org.eclipse.m2e.maven.runtime_3.8.701.20230209-1606
2024-04-15 08:04:28,378 [Worker-2: Launching mavenrun-8bdf653b-281e-4e21-a6c1-b58614075de4] INFO  o.eclipse.m2e.core.internal.Bundles - 	Entry: C:\Users\Shashank\.p2\pool\plugins\org.eclipse.m2e.maven.runtime_3.8.701.20230209-1606\jars\aether-connector-okhttp-0.17.8.jar
2024-04-15 08:04:28,378 [Worker-2: Launching mavenrun-8bdf653b-281e-4e21-a6c1-b58614075de4] INFO  o.eclipse.m2e.core.internal.Bundles - 	Entry: C:\Users\Shashank\.p2\pool\plugins\org.eclipse.m2e.maven.runtime_3.8.701.20230209-1606\jars\commons-lang3-3.8.1.jar
2024-04-15 08:04:28,378 [Worker-2: Launching mavenrun-8bdf653b-281e-4e21-a6c1-b58614075de4] INFO  o.eclipse.m2e.core.internal.Bundles - 	Entry: C:\Users\Shashank\.p2\pool\plugins\org.eclipse.m2e.maven.runtime_3.8.701.20230209-1606\jars\guice-4.2.2-no_aop.jar
2024-04-15 08:04:28,378 [Worker-2: Launching mavenrun-8bdf653b-281e-4e21-a6c1-b58614075de4] INFO  o.eclipse.m2e.core.internal.Bundles - 	Entry: C:\Users\Shashank\.p2\pool\plugins\org.eclipse.m2e.maven.runtime_3.8.701.20230209-1606\jars\jansi-2.4.0.jar
2024-04-15 08:04:28,378 [Worker-2: Launching mavenrun-8bdf653b-281e-4e21-a6c1-b58614075de4] INFO  o.eclipse.m2e.core.internal.Bundles - 	Entry: C:\Users\Shashank\.p2\pool\plugins\org.eclipse.m2e.maven.runtime_3.8.701.20230209-1606\jars\maven-artifact-3.8.7.jar
2024-04-15 08:04:28,379 [Worker-2: Launching mavenrun-8bdf653b-281e-4e21-a6c1-b58614075de4] INFO  o.eclipse.m2e.core.internal.Bundles - 	Entry: C:\Users\Shashank\.p2\pool\plugins\org.eclipse.m2e.maven.runtime_3.8.701.20230209-1606\jars\maven-builder-support-3.8.7.jar
2024-04-15 08:04:28,379 [Worker-2: Launching mavenrun-8bdf653b-281e-4e21-a6c1-b58614075de4] INFO  o.eclipse.m2e.core.internal.Bundles - 	Entry: C:\Users\Shashank\.p2\pool\plugins\org.eclipse.m2e.maven.runtime_3.8.701.20230209-1606\jars\maven-compat-3.8.7.jar
2024-04-15 08:04:28,379 [Worker-2: Launching mavenrun-8bdf653b-281e-4e21-a6c1-b58614075de4] INFO  o.eclipse.m2e.core.internal.Bundles - 	Entry: C:\Users\Shashank\.p2\pool\plugins\org.eclipse.m2e.maven.runtime_3.8.701.20230209-1606\jars\maven-core-3.8.7.jar
2024-04-15 08:04:28,381 [Worker-2: Launching mavenrun-8bdf653b-281e-4e21-a6c1-b58614075de4] INFO  o.eclipse.m2e.core.internal.Bundles - 	Entry: C:\Users\Shashank\.p2\pool\plugins\org.eclipse.m2e.maven.runtime_3.8.701.20230209-1606\jars\maven-embedder-3.8.7.jar
2024-04-15 08:04:28,381 [Worker-2: Launching mavenrun-8bdf653b-281e-4e21-a6c1-b58614075de4] INFO  o.eclipse.m2e.core.internal.Bundles - 	Entry: C:\Users\Shashank\.p2\pool\plugins\org.eclipse.m2e.maven.runtime_3.8.701.20230209-1606\jars\maven-model-3.8.7.jar
2024-04-15 08:04:28,381 [Worker-2: Launching mavenrun-8bdf653b-281e-4e21-a6c1-b58614075de4] INFO  o.eclipse.m2e.core.internal.Bundles - 	Entry: C:\Users\Shashank\.p2\pool\plugins\org.eclipse.m2e.maven.runtime_3.8.701.20230209-1606\jars\maven-model-builder-3.8.7.jar
2024-04-15 08:04:28,381 [Worker-2: Launching mavenrun-8bdf653b-281e-4e21-a6c1-b58614075de4] INFO  o.eclipse.m2e.core.internal.Bundles - 	Entry: C:\Users\Shashank\.p2\pool\plugins\org.eclipse.m2e.maven.runtime_3.8.701.20230209-1606\jars\maven-plugin-api-3.8.7.jar
2024-04-15 08:04:28,382 [Worker-2: Launching mavenrun-8bdf653b-281e-4e21-a6c1-b58614075de4] INFO  o.eclipse.m2e.core.internal.Bundles - 	Entry: C:\Users\Shashank\.p2\pool\plugins\org.eclipse.m2e.maven.runtime_3.8.701.20230209-1606\jars\maven-repository-metadata-3.8.7.jar
2024-04-15 08:04:28,382 [Worker-2: Launching mavenrun-8bdf653b-281e-4e21-a6c1-b58614075de4] INFO  o.eclipse.m2e.core.internal.Bundles - 	Entry: C:\Users\Shashank\.p2\pool\plugins\org.eclipse.m2e.maven.runtime_3.8.701.20230209-1606\jars\maven-resolver-api-1.6.3.jar
2024-04-15 08:04:28,382 [Worker-2: Launching mavenrun-8bdf653b-281e-4e21-a6c1-b58614075de4] INFO  o.eclipse.m2e.core.internal.Bundles - 	Entry: C:\Users\Shashank\.p2\pool\plugins\org.eclipse.m2e.maven.runtime_3.8.701.20230209-1606\jars\maven-resolver-connector-basic-1.6.3.jar
2024-04-15 08:04:28,382 [Worker-2: Launching mavenrun-8bdf653b-281e-4e21-a6c1-b58614075de4] INFO  o.eclipse.m2e.core.internal.Bundles - 	Entry: C:\Users\Shashank\.p2\pool\plugins\org.eclipse.m2e.maven.runtime_3.8.701.20230209-1606\jars\maven-resolver-impl-1.6.3.jar
2024-04-15 08:04:28,383 [Worker-2: Launching mavenrun-8bdf653b-281e-4e21-a6c1-b58614075de4] INFO  o.eclipse.m2e.core.internal.Bundles - 	Entry: C:\Users\Shashank\.p2\pool\plugins\org.eclipse.m2e.maven.runtime_3.8.701.20230209-1606\jars\maven-resolver-provider-3.8.7.jar
2024-04-15 08:04:28,383 [Worker-2: Launching mavenrun-8bdf653b-281e-4e21-a6c1-b58614075de4] INFO  o.eclipse.m2e.core.internal.Bundles - 	Entry: C:\Users\Shashank\.p2\pool\plugins\org.eclipse.m2e.maven.runtime_3.8.701.20230209-1606\jars\maven-resolver-spi-1.6.3.jar
2024-04-15 08:04:28,383 [Worker-2: Launching mavenrun-8bdf653b-281e-4e21-a6c1-b58614075de4] INFO  o.eclipse.m2e.core.internal.Bundles - 	Entry: C:\Users\Shashank\.p2\pool\plugins\org.eclipse.m2e.maven.runtime_3.8.701.20230209-1606\jars\maven-resolver-transport-wagon-1.6.3.jar
2024-04-15 08:04:28,383 [Worker-2: Launching mavenrun-8bdf653b-281e-4e21-a6c1-b58614075de4] INFO  o.eclipse.m2e.core.internal.Bundles - 	Entry: C:\Users\Shashank\.p2\pool\plugins\org.eclipse.m2e.maven.runtime_3.8.701.20230209-1606\jars\maven-resolver-util-1.6.3.jar
2024-04-15 08:04:28,383 [Worker-2: Launching mavenrun-8bdf653b-281e-4e21-a6c1-b58614075de4] INFO  o.eclipse.m2e.core.internal.Bundles - 	Entry: C:\Users\Shashank\.p2\pool\plugins\org.eclipse.m2e.maven.runtime_3.8.701.20230209-1606\jars\maven-settings-3.8.7.jar
2024-04-15 08:04:28,383 [Worker-2: Launching mavenrun-8bdf653b-281e-4e21-a6c1-b58614075de4] INFO  o.eclipse.m2e.core.internal.Bundles - 	Entry: C:\Users\Shashank\.p2\pool\plugins\org.eclipse.m2e.maven.runtime_3.8.701.20230209-1606\jars\maven-settings-builder-3.8.7.jar
2024-04-15 08:04:28,384 [Worker-2: Launching mavenrun-8bdf653b-281e-4e21-a6c1-b58614075de4] INFO  o.eclipse.m2e.core.internal.Bundles - 	Entry: C:\Users\Shashank\.p2\pool\plugins\org.eclipse.m2e.maven.runtime_3.8.701.20230209-1606\jars\maven-shared-utils-3.3.4.jar
2024-04-15 08:04:28,384 [Worker-2: Launching mavenrun-8bdf653b-281e-4e21-a6c1-b58614075de4] INFO  o.eclipse.m2e.core.internal.Bundles - 	Entry: C:\Users\Shashank\.p2\pool\plugins\org.eclipse.m2e.maven.runtime_3.8.701.20230209-1606\jars\okhttp-3.14.1.jar
2024-04-15 08:04:28,384 [Worker-2: Launching mavenrun-8bdf653b-281e-4e21-a6c1-b58614075de4] INFO  o.eclipse.m2e.core.internal.Bundles - 	Entry: C:\Users\Shashank\.p2\pool\plugins\org.eclipse.m2e.maven.runtime_3.8.701.20230209-1606\jars\okio-1.17.3.jar
2024-04-15 08:04:28,385 [Worker-2: Launching mavenrun-8bdf653b-281e-4e21-a6c1-b58614075de4] INFO  o.eclipse.m2e.core.internal.Bundles - 	Entry: C:\Users\Shashank\.p2\pool\plugins\org.eclipse.m2e.maven.runtime_3.8.701.20230209-1606\jars\org.eclipse.sisu.inject-0.3.5.jar
2024-04-15 08:04:28,385 [Worker-2: Launching mavenrun-8bdf653b-281e-4e21-a6c1-b58614075de4] INFO  o.eclipse.m2e.core.internal.Bundles - 	Entry: C:\Users\Shashank\.p2\pool\plugins\org.eclipse.m2e.maven.runtime_3.8.701.20230209-1606\jars\org.eclipse.sisu.plexus-0.3.5.jar
2024-04-15 08:04:28,385 [Worker-2: Launching mavenrun-8bdf653b-281e-4e21-a6c1-b58614075de4] INFO  o.eclipse.m2e.core.internal.Bundles - 	Entry: C:\Users\Shashank\.p2\pool\plugins\org.eclipse.m2e.maven.runtime_3.8.701.20230209-1606\jars\plexus-build-api-0.0.7.jar
2024-04-15 08:04:28,385 [Worker-2: Launching mavenrun-8bdf653b-281e-4e21-a6c1-b58614075de4] INFO  o.eclipse.m2e.core.internal.Bundles - 	Entry: C:\Users\Shashank\.p2\pool\plugins\org.eclipse.m2e.maven.runtime_3.8.701.20230209-1606\jars\plexus-cipher-2.0.jar
2024-04-15 08:04:28,385 [Worker-2: Launching mavenrun-8bdf653b-281e-4e21-a6c1-b58614075de4] INFO  o.eclipse.m2e.core.internal.Bundles - 	Entry: C:\Users\Shashank\.p2\pool\plugins\org.eclipse.m2e.maven.runtime_3.8.701.20230209-1606\jars\plexus-classworlds-2.6.0.jar
2024-04-15 08:04:28,386 [Worker-2: Launching mavenrun-8bdf653b-281e-4e21-a6c1-b58614075de4] INFO  o.eclipse.m2e.core.internal.Bundles - 	Entry: C:\Users\Shashank\.p2\pool\plugins\org.eclipse.m2e.maven.runtime_3.8.701.20230209-1606\jars\plexus-component-annotations-2.1.0.jar
2024-04-15 08:04:28,386 [Worker-2: Launching mavenrun-8bdf653b-281e-4e21-a6c1-b58614075de4] INFO  o.eclipse.m2e.core.internal.Bundles - 	Entry: C:\Users\Shashank\.p2\pool\plugins\org.eclipse.m2e.maven.runtime_3.8.701.20230209-1606\jars\plexus-interpolation-1.26.jar
2024-04-15 08:04:28,387 [Worker-2: Launching mavenrun-8bdf653b-281e-4e21-a6c1-b58614075de4] INFO  o.eclipse.m2e.core.internal.Bundles - 	Entry: C:\Users\Shashank\.p2\pool\plugins\org.eclipse.m2e.maven.runtime_3.8.701.20230209-1606\jars\plexus-sec-dispatcher-2.0.jar
2024-04-15 08:04:28,388 [Worker-2: Launching mavenrun-8bdf653b-281e-4e21-a6c1-b58614075de4] INFO  o.eclipse.m2e.core.internal.Bundles - 	Entry: C:\Users\Shashank\.p2\pool\plugins\org.eclipse.m2e.maven.runtime_3.8.701.20230209-1606\jars\plexus-utils-3.3.1.jar
2024-04-15 08:04:28,388 [Worker-2: Launching mavenrun-8bdf653b-281e-4e21-a6c1-b58614075de4] INFO  o.eclipse.m2e.core.internal.Bundles - 	Entry: C:\Users\Shashank\.p2\pool\plugins\org.eclipse.m2e.maven.runtime_3.8.701.20230209-1606\jars\wagon-file-3.5.3.jar
2024-04-15 08:04:28,389 [Worker-2: Launching mavenrun-8bdf653b-281e-4e21-a6c1-b58614075de4] INFO  o.eclipse.m2e.core.internal.Bundles - 	Entry: C:\Users\Shashank\.p2\pool\plugins\org.eclipse.m2e.maven.runtime_3.8.701.20230209-1606\jars\wagon-provider-api-3.5.3.jar
2024-04-15 08:04:28,393 [Worker-2: Launching mavenrun-8bdf653b-281e-4e21-a6c1-b58614075de4] INFO  o.eclipse.m2e.core.internal.Bundles - getClasspathEntries(Bundle=com.google.guava_31.1.0.jre [11])
2024-04-15 08:04:28,394 [Worker-2: Launching mavenrun-8bdf653b-281e-4e21-a6c1-b58614075de4] INFO  o.eclipse.m2e.core.internal.Bundles - 	Entry: C:\Users\Shashank\.p2\pool\plugins\com.google.guava_31.1.0.jre.jar
2024-04-15 08:04:28,395 [Worker-2: Launching mavenrun-8bdf653b-281e-4e21-a6c1-b58614075de4] INFO  o.eclipse.m2e.core.internal.Bundles - getClasspathEntries(Bundle=slf4j.api_1.7.36 [923])
2024-04-15 08:04:28,396 [Worker-2: Launching mavenrun-8bdf653b-281e-4e21-a6c1-b58614075de4] INFO  o.eclipse.m2e.core.internal.Bundles - 	Entry: C:\Users\Shashank\.p2\pool\plugins\slf4j.api_1.7.36.jar
2024-04-15 08:04:28,396 [Worker-2: Launching mavenrun-8bdf653b-281e-4e21-a6c1-b58614075de4] INFO  o.eclipse.m2e.core.internal.Bundles - getClasspathEntries(Bundle=javax.inject_1.0.0.v20220405-0441 [35])
2024-04-15 08:04:28,400 [Worker-2: Launching mavenrun-8bdf653b-281e-4e21-a6c1-b58614075de4] INFO  o.eclipse.m2e.core.internal.Bundles - 	Entry: C:\Users\Shashank\.p2\pool\plugins\javax.inject_1.0.0.v20220405-0441.jar
2024-04-15 08:04:28,400 [Worker-2: Launching mavenrun-8bdf653b-281e-4e21-a6c1-b58614075de4] INFO  o.eclipse.m2e.core.internal.Bundles - getClasspathEntries(Bundle=javax.annotation_1.3.5.v20221203-1659 [33])
2024-04-15 08:04:28,402 [Worker-2: Launching mavenrun-8bdf653b-281e-4e21-a6c1-b58614075de4] INFO  o.eclipse.m2e.core.internal.Bundles - 	Entry: C:\Users\Shashank\.p2\pool\plugins\javax.annotation_1.3.5.v20221203-1659.jar
2024-04-15 08:04:28,402 [Worker-2: Launching mavenrun-8bdf653b-281e-4e21-a6c1-b58614075de4] INFO  o.eclipse.m2e.core.internal.Bundles - getClasspathEntries(Bundle=org.apache.commons.cli_1.4.0.v20221112-0806 [67])
2024-04-15 08:04:28,406 [Worker-2: Launching mavenrun-8bdf653b-281e-4e21-a6c1-b58614075de4] INFO  o.eclipse.m2e.core.internal.Bundles - 	Entry: C:\Users\Shashank\.p2\pool\plugins\org.apache.commons.cli_1.4.0.v20221112-0806.jar
2024-04-15 08:04:28,406 [Worker-2: Launching mavenrun-8bdf653b-281e-4e21-a6c1-b58614075de4] INFO  o.eclipse.m2e.core.internal.Bundles - getClasspathEntries(Bundle=com.google.guava.failureaccess_1.0.1 [13])
2024-04-15 08:04:28,408 [Worker-2: Launching mavenrun-8bdf653b-281e-4e21-a6c1-b58614075de4] INFO  o.eclipse.m2e.core.internal.Bundles - 	Entry: C:\Users\Shashank\.p2\pool\plugins\com.google.guava.failureaccess_1.0.1.jar
2024-04-15 08:04:28,424 [Worker-2: Launching mavenrun-8bdf653b-281e-4e21-a6c1-b58614075de4] INFO  o.e.m.i.launch.MavenLaunchDelegate - Run build in "C:\Users\Shashank\AppData\Local\Temp\m2e-archetypeGenerator15505114361268197434":
2024-04-15 08:04:28,431 [Worker-2: Launching mavenrun-8bdf653b-281e-4e21-a6c1-b58614075de4] INFO  o.e.m.i.launch.MavenLaunchDelegate -  mvn  -DarchetypeGroupId=org.apache.maven.archetypes -DarchetypeArtifactId=maven-archetype-quickstart -DarchetypeVersion=1.4 -DgroupId=nit -DartifactId=IOCProj-07-SingletonClass-Corejava -Dversion=0.0.1-SNAPSHOT -Dpackage=com.nt.ston -DoutputDirectory=F:\Spring -Dstyle.color=always -U archetype:generate
2024-04-15 08:04:46,203 [Worker-20: Creating maven-archetype-quickstart] INFO  o.e.m.c.i.p.ProjectConfigurationManager - Collecting project info '/pom.xml' F:\Spring\IOCProj-07-SingletonClass-Corejava\pom.xml
2024-04-15 08:04:50,401 [Worker-20: Creating maven-archetype-quickstart] INFO  o.e.m.c.i.l.LifecycleMappingFactory - Using org.eclipse.m2e.jdt.JarLifecycleMapping lifecycle mapping for MavenProject: nit:IOCProj-07-SingletonClass-Corejava:0.0.1-SNAPSHOT @ F:\Spring\IOCProj-07-SingletonClass-Corejava\pom.xml.
2024-04-15 08:04:52,405 [Worker-20: Creating maven-archetype-quickstart] INFO  o.e.m.j.i.AbstractJavaProjectConfigurator - Adding source folder /IOCProj-07-SingletonClass-Corejava/src/main/java
2024-04-15 08:04:52,422 [Worker-20: Creating maven-archetype-quickstart] INFO  o.e.m.j.i.AbstractJavaProjectConfigurator - Adding source folder /IOCProj-07-SingletonClass-Corejava/src/test/java
2024-04-15 08:04:52,896 [Worker-20: Creating maven-archetype-quickstart] INFO  o.e.m.c.i.p.ProjectConfigurationManager - Imported and configured 1 project(s) in 6 sec
2024-04-15 08:04:53,431 [Worker-24: Building] INFO  o.e.m.c.i.embedder.EclipseLogger - Using 'UTF-8' encoding to copy filtered resources.
2024-04-15 08:04:53,431 [Worker-24: Building] INFO  o.e.m.c.i.embedder.EclipseLogger - skip non existing resourceDirectory F:\Spring\IOCProj-07-SingletonClass-Corejava\src\main\resources
2024-04-15 08:04:53,434 [Worker-24: Building] INFO  o.e.m.c.i.embedder.EclipseLogger - Using 'UTF-8' encoding to copy filtered resources.
2024-04-15 08:04:53,434 [Worker-24: Building] INFO  o.e.m.c.i.embedder.EclipseLogger - skip non existing resourceDirectory F:\Spring\IOCProj-07-SingletonClass-Corejava\src\test\resources
2024-04-15 08:05:31,892 [Worker-25: Building] INFO  o.e.m.c.i.embedder.EclipseLogger - Using 'UTF-8' encoding to copy filtered resources.
2024-04-15 08:05:31,892 [Worker-25: Building] INFO  o.e.m.c.i.embedder.EclipseLogger - skip non existing resourceDirectory F:\Spring\IOCProj-07-SingletonClass-Corejava\src\main\resources
2024-04-15 08:05:31,896 [Worker-25: Building] INFO  o.e.m.c.i.embedder.EclipseLogger - Using 'UTF-8' encoding to copy filtered resources.
2024-04-15 08:05:31,896 [Worker-25: Building] INFO  o.e.m.c.i.embedder.EclipseLogger - skip non existing resourceDirectory F:\Spring\IOCProj-07-SingletonClass-Corejava\src\test\resources
2024-04-15 08:05:42,877 [Worker-24: Building] INFO  o.e.m.c.i.embedder.EclipseLogger - Using 'UTF-8' encoding to copy filtered resources.
2024-04-15 08:05:42,877 [Worker-24: Building] INFO  o.e.m.c.i.embedder.EclipseLogger - skip non existing resourceDirectory F:\Spring\IOCProj-07-SingletonClass-Corejava\src\main\resources
2024-04-15 08:05:42,881 [Worker-24: Building] INFO  o.e.m.c.i.embedder.EclipseLogger - Using 'UTF-8' encoding to copy filtered resources.
2024-04-15 08:05:42,881 [Worker-24: Building] INFO  o.e.m.c.i.embedder.EclipseLogger - skip non existing resourceDirectory F:\Spring\IOCProj-07-SingletonClass-Corejava\src\test\resources
2024-04-15 08:05:56,154 [Worker-24: Building] INFO  o.e.m.c.i.l.LifecycleMappingFactory - Using org.eclipse.m2e.jdt.JarLifecycleMapping lifecycle mapping for MavenProject: nit:IOCProj-07-SingletonClass-Corejava:0.0.1-SNAPSHOT @ F:\Spring\IOCProj-07-SingletonClass-Corejava\pom.xml.
2024-04-15 08:05:56,319 [Worker-24: Building] INFO  o.e.m.c.i.embedder.EclipseLogger - Using 'UTF-8' encoding to copy filtered resources.
2024-04-15 08:05:56,319 [Worker-24: Building] INFO  o.e.m.c.i.embedder.EclipseLogger - skip non existing resourceDirectory F:\Spring\IOCProj-07-SingletonClass-Corejava\src\main\resources
2024-04-15 08:05:56,322 [Worker-24: Building] INFO  o.e.m.c.i.embedder.EclipseLogger - Using 'UTF-8' encoding to copy filtered resources.
2024-04-15 08:05:56,322 [Worker-24: Building] INFO  o.e.m.c.i.embedder.EclipseLogger - skip non existing resourceDirectory F:\Spring\IOCProj-07-SingletonClass-Corejava\src\test\resources
2024-04-15 08:06:46,266 [Worker-0: Building] INFO  o.e.m.c.i.l.LifecycleMappingFactory - Using org.eclipse.m2e.jdt.JarLifecycleMapping lifecycle mapping for MavenProject: nit:IOCProj-07-SingletonClass-Corejava:0.0.1-SNAPSHOT @ F:\Spring\IOCProj-07-SingletonClass-Corejava\pom.xml.
2024-04-15 08:06:46,469 [Worker-0: Building] INFO  o.e.m.c.i.embedder.EclipseLogger - Using 'UTF-8' encoding to copy filtered resources.
2024-04-15 08:06:46,469 [Worker-0: Building] INFO  o.e.m.c.i.embedder.EclipseLogger - skip non existing resourceDirectory F:\Spring\IOCProj-07-SingletonClass-Corejava\src\main\resources
2024-04-15 08:06:46,472 [Worker-0: Building] INFO  o.e.m.c.i.embedder.EclipseLogger - Using 'UTF-8' encoding to copy filtered resources.
2024-04-15 08:06:46,472 [Worker-0: Building] INFO  o.e.m.c.i.embedder.EclipseLogger - skip non existing resourceDirectory F:\Spring\IOCProj-07-SingletonClass-Corejava\src\test\resources
2024-04-15 08:07:03,575 [Worker-23: Updating Maven Project] INFO  o.e.m.c.i.p.ProjectConfigurationManager - Update started
2024-04-15 08:07:03,900 [Worker-23: Updating Maven Project] INFO  o.e.m.c.i.l.LifecycleMappingFactory - Using org.eclipse.m2e.jdt.JarLifecycleMapping lifecycle mapping for MavenProject: nit:IOCProj-07-SingletonClass-Corejava:0.0.1-SNAPSHOT @ F:\Spring\IOCProj-07-SingletonClass-Corejava\pom.xml.
2024-04-15 08:07:04,233 [Worker-23: Updating Maven Project] INFO  o.e.m.j.i.AbstractJavaProjectConfigurator - Adding source folder /IOCProj-07-SingletonClass-Corejava/src/main/java
2024-04-15 08:07:04,234 [Worker-23: Updating Maven Project] INFO  o.e.m.j.i.AbstractJavaProjectConfigurator - Adding source folder /IOCProj-07-SingletonClass-Corejava/src/test/java
2024-04-15 08:07:04,428 [Worker-23: Updating Maven Project] INFO  o.e.m.c.i.p.ProjectConfigurationManager - Update completed for 1 poms: local refresh takes 0.00 sec, refresh facades takes 0.00 sec, update config takes 0.00 sec 
2024-04-15 08:07:04,621 [Worker-20: Building] INFO  o.e.m.c.i.embedder.EclipseLogger - Using 'UTF-8' encoding to copy filtered resources.
2024-04-15 08:07:04,622 [Worker-20: Building] INFO  o.e.m.c.i.embedder.EclipseLogger - skip non existing resourceDirectory F:\Spring\IOCProj-07-SingletonClass-Corejava\src\main\resources
2024-04-15 08:07:04,626 [Worker-20: Building] INFO  o.e.m.c.i.embedder.EclipseLogger - Using 'UTF-8' encoding to copy filtered resources.
2024-04-15 08:07:04,626 [Worker-20: Building] INFO  o.e.m.c.i.embedder.EclipseLogger - skip non existing resourceDirectory F:\Spring\IOCProj-07-SingletonClass-Corejava\src\test\resources
2024-04-15 08:14:23,605 [Worker-27: Building] INFO  o.e.m.c.i.embedder.EclipseLogger - Using 'UTF-8' encoding to copy filtered resources.
2024-04-15 08:14:23,606 [Worker-27: Building] INFO  o.e.m.c.i.embedder.EclipseLogger - skip non existing resourceDirectory F:\Spring\IOCProj-07-SingletonClass-Corejava\src\main\resources
2024-04-15 08:14:23,608 [Worker-27: Building] INFO  o.e.m.c.i.embedder.EclipseLogger - Using 'UTF-8' encoding to copy filtered resources.
2024-04-15 08:14:23,608 [Worker-27: Building] INFO  o.e.m.c.i.embedder.EclipseLogger - skip non existing resourceDirectory F:\Spring\IOCProj-07-SingletonClass-Corejava\src\test\resources
2024-04-15 08:15:22,045 [Worker-26: Building] INFO  o.e.m.c.i.embedder.EclipseLogger - Using 'UTF-8' encoding to copy filtered resources.
2024-04-15 08:15:22,045 [Worker-26: Building] INFO  o.e.m.c.i.embedder.EclipseLogger - skip non existing resourceDirectory F:\Spring\IOCProj-07-SingletonClass-Corejava\src\main\resources
2024-04-15 08:15:22,047 [Worker-26: Building] INFO  o.e.m.c.i.embedder.EclipseLogger - Using 'UTF-8' encoding to copy filtered resources.
2024-04-15 08:15:22,048 [Worker-26: Building] INFO  o.e.m.c.i.embedder.EclipseLogger - skip non existing resourceDirectory F:\Spring\IOCProj-07-SingletonClass-Corejava\src\test\resources
2024-04-15 08:51:33,238 [Worker-2: Building] INFO  o.e.m.c.i.embedder.EclipseLogger - Using 'UTF-8' encoding to copy filtered resources.
2024-04-15 08:51:33,239 [Worker-2: Building] INFO  o.e.m.c.i.embedder.EclipseLogger - skip non existing resourceDirectory F:\Spring\IOCProj-07-SingletonClass-Corejava\src\main\resources
2024-04-15 08:51:33,242 [Worker-2: Building] INFO  o.e.m.c.i.embedder.EclipseLogger - Using 'UTF-8' encoding to copy filtered resources.
2024-04-15 08:51:33,242 [Worker-2: Building] INFO  o.e.m.c.i.embedder.EclipseLogger - skip non existing resourceDirectory F:\Spring\IOCProj-07-SingletonClass-Corejava\src\test\resources
2024-04-25 19:01:12,525 [Worker-6: Loading available Gradle versions] INFO  o.e.b.c.i.u.g.PublishedGradleVersions - Gradle version information cache is out-of-date. Trying to update.
2024-04-25 19:09:05,751 [Worker-7: Loading available Gradle versions] INFO  o.e.b.c.i.u.g.PublishedGradleVersions - Gradle version information cache is up-to-date. Trying to read.
